<?xml version="1.0" encoding="UTF-8"?>
<testsuite xmlns:xsi="http://www.w3.org/2001/XMLSchema-instance" xsi:noNamespaceSchemaLocation="https://maven.apache.org/surefire/maven-surefire-plugin/xsd/surefire-test-report.xsd" name="CreateCourierTest" time="3.865" tests="8" errors="0" skipped="0" failures="0">
  <properties>
[...]
</properties>
  <testcase name="checkCourierCanBeCreatedWithLoginAndPassword" classname="CreateCourierTest" time="0.389"/>
  <testcase name="doubleCreateCourier" classname="CreateCourierTest" time="0.457"/>
  <testcase name="createCourierWithoutLoginAndCheckResponse" classname="CreateCourierTest" time="0.553"/>
  <testcase name="createCourierAndCheckResponse" classname="CreateCourierTest" time="0.51"/>
  <testcase name="checkCourierCanBeCreated" classname="CreateCourierTest" time="0.576"/>
  <testcase name="createCourierAndCheckCode" classname="CreateCourierTest" time="0.436"/>
  <testcase name="createCourierAlreadyExistAndCheckResponse" classname="CreateCourierTest" time="0.247"/>
  <testcase name="checkIdWhenCreateCourier" classname="CreateCourierTest" time="0.697"/>
</testsuite>